2026-02-04 03:52:22 INFO  ExcelUtils - Created workbook: artifacts\zigwheels_automation_chrome_20260204_035205.xlsx
2026-02-04 03:52:22 INFO  ZigWheelsScenariosTest - Excel initialized at: artifacts\zigwheels_automation_chrome_20260204_035205.xlsx
2026-02-04 03:52:46 INFO  ExcelUtils - Wrote sheet 'PopularCars' with 20 rows into artifacts\zigwheels_automation_chrome_20260204_035205.xlsx
2026-02-04 03:52:47 INFO  ZigWheelsScenariosTest - Test completed. Navigating back to Home.
2026-02-04 03:53:03 INFO  ExcelUtils - Wrote sheet 'ElectricScooters_OLA' with 6 rows into artifacts\zigwheels_automation_chrome_20260204_035205.xlsx
2026-02-04 03:53:07 INFO  ZigWheelsScenariosTest - Test completed. Navigating back to Home.
2026-02-04 03:53:20 INFO  ExcelUtils - Wrote sheet 'UsedCars_Chennai' with 6 rows into artifacts\zigwheels_automation_chrome_20260204_035205.xlsx
2026-02-04 03:53:22 INFO  ZigWheelsScenariosTest - Test completed. Navigating back to Home.
2026-02-04 03:53:33 INFO  ZigWheelsScenariosTest - Test completed. Navigating back to Home.
2026-02-04 03:53:46 INFO  ExcelUtils - Wrote sheet 'CarComparison' with 22 rows into artifacts\zigwheels_automation_chrome_20260204_035205.xlsx
2026-02-04 03:53:48 INFO  ZigWheelsScenariosTest - Test completed. Navigating back to Home.
2026-02-04 03:54:01 INFO  ZigWheelsScenariosTest - Browser session ended.
2026-02-04 03:58:12 INFO  ExcelUtils - Created workbook: artifacts\zigwheels_automation_chrome_20260204_035755.xlsx
2026-02-04 03:58:12 INFO  ZigWheelsScenariosTest - Excel initialized at: artifacts\zigwheels_automation_chrome_20260204_035755.xlsx
2026-02-04 03:58:32 INFO  ExcelUtils - Wrote sheet 'PopularCars' with 20 rows into artifacts\zigwheels_automation_chrome_20260204_035755.xlsx
2026-02-04 03:58:35 INFO  ZigWheelsScenariosTest - Test completed. Navigating back to Home.
2026-02-04 03:58:44 INFO  ExcelUtils - Wrote sheet 'ElectricScooters_OLA' with 6 rows into artifacts\zigwheels_automation_chrome_20260204_035755.xlsx
2026-02-04 03:58:48 INFO  ZigWheelsScenariosTest - Test completed. Navigating back to Home.
2026-02-04 03:58:58 INFO  ExcelUtils - Wrote sheet 'UsedCars_Chennai' with 6 rows into artifacts\zigwheels_automation_chrome_20260204_035755.xlsx
2026-02-04 03:59:04 INFO  ZigWheelsScenariosTest - Test completed. Navigating back to Home.
2026-02-04 03:59:17 INFO  ZigWheelsScenariosTest - Test completed. Navigating back to Home.
2026-02-04 03:59:31 INFO  ExcelUtils - Wrote sheet 'CarComparison' with 22 rows into artifacts\zigwheels_automation_chrome_20260204_035755.xlsx
2026-02-04 03:59:35 INFO  ZigWheelsScenariosTest - Test completed. Navigating back to Home.
2026-02-04 03:59:45 INFO  ZigWheelsScenariosTest - Browser session ended.
2026-02-04 04:31:40 INFO  ExcelUtils - Created workbook: artifacts\zigwheels_automation_chrome_20260204_043122.xlsx
2026-02-04 04:31:40 INFO  ZigWheelsScenariosTest - Excel initialized at: artifacts\zigwheels_automation_chrome_20260204_043122.xlsx
2026-02-04 04:32:05 INFO  ExcelUtils - Wrote sheet 'PopularCars' with 20 rows into artifacts\zigwheels_automation_chrome_20260204_043122.xlsx
2026-02-04 04:32:10 INFO  ZigWheelsScenariosTest - Test completed. Navigating back to Home.
2026-02-04 04:32:19 INFO  ExcelUtils - Wrote sheet 'ElectricScooters_OLA' with 6 rows into artifacts\zigwheels_automation_chrome_20260204_043122.xlsx
2026-02-04 04:32:22 INFO  ZigWheelsScenariosTest - Test completed. Navigating back to Home.
2026-02-04 04:32:32 INFO  ExcelUtils - Wrote sheet 'UsedCars_Chennai' with 6 rows into artifacts\zigwheels_automation_chrome_20260204_043122.xlsx
2026-02-04 04:32:36 INFO  ZigWheelsScenariosTest - Test completed. Navigating back to Home.
2026-02-04 04:32:50 INFO  ZigWheelsScenariosTest - Test completed. Navigating back to Home.
2026-02-04 04:33:04 INFO  ExcelUtils - Wrote sheet 'CarComparison' with 22 rows into artifacts\zigwheels_automation_chrome_20260204_043122.xlsx
2026-02-04 04:33:08 INFO  ZigWheelsScenariosTest - Test completed. Navigating back to Home.
2026-02-04 04:33:19 INFO  ZigWheelsScenariosTest - Browser session ended.
2026-02-04 10:32:40 INFO  ExcelUtils - Created workbook: artifacts\zigwheels_automation_chrome_20260204_103223.xlsx
2026-02-04 10:32:41 INFO  ZigWheelsScenariosTest - Excel initialized at: artifacts\zigwheels_automation_chrome_20260204_103223.xlsx
2026-02-04 10:33:09 INFO  ExcelUtils - Wrote sheet 'CarComparison' with 22 rows into artifacts\zigwheels_automation_chrome_20260204_103223.xlsx
2026-02-04 10:33:11 INFO  ZigWheelsScenariosTest - Test completed. Navigating back to Home.
2026-02-04 10:33:19 INFO  ZigWheelsScenariosTest - Browser session ended.
2026-02-04 10:40:31 INFO  ExcelUtils - Created workbook: artifacts\zigwheels_automation_chrome_20260204_104019.xlsx
2026-02-04 10:40:31 INFO  ZigWheelsScenariosTest - Excel initialized at: artifacts\zigwheels_automation_chrome_20260204_104019.xlsx
2026-02-04 10:40:54 INFO  ExcelUtils - Wrote sheet 'PopularCars' with 20 rows into artifacts\zigwheels_automation_chrome_20260204_104019.xlsx
2026-02-04 10:40:58 INFO  ZigWheelsScenariosTest - Test completed. Navigating back to Home.
2026-02-04 10:41:10 INFO  ExcelUtils - Wrote sheet 'ElectricScooters_OLA' with 6 rows into artifacts\zigwheels_automation_chrome_20260204_104019.xlsx
2026-02-04 10:41:11 INFO  ZigWheelsScenariosTest - Test completed. Navigating back to Home.
2026-02-04 10:41:24 INFO  ExcelUtils - Wrote sheet 'UsedCars_Chennai' with 6 rows into artifacts\zigwheels_automation_chrome_20260204_104019.xlsx
2026-02-04 10:41:28 INFO  ZigWheelsScenariosTest - Test completed. Navigating back to Home.
2026-02-04 10:41:44 INFO  ZigWheelsScenariosTest - Test completed. Navigating back to Home.
2026-02-04 10:41:56 INFO  ExcelUtils - Wrote sheet 'CarComparison' with 22 rows into artifacts\zigwheels_automation_chrome_20260204_104019.xlsx
2026-02-04 10:41:58 INFO  ZigWheelsScenariosTest - Test completed. Navigating back to Home.
2026-02-04 10:42:08 INFO  ZigWheelsScenariosTest - Browser session ended.
2026-02-04 10:58:54 INFO  ExcelUtils - Created workbook: artifacts\zigwheels_automation_chrome_20260204_105840.xlsx
2026-02-04 10:58:54 INFO  ZigWheelsScenariosTest - Excel initialized at: artifacts\zigwheels_automation_chrome_20260204_105840.xlsx
2026-02-04 10:59:06 INFO  ExcelUtils - Created workbook: artifacts\zigwheels_automation_edge_20260204_105840.xlsx
2026-02-04 10:59:06 INFO  ZigWheelsScenariosTest - Excel initialized at: artifacts\zigwheels_automation_edge_20260204_105840.xlsx
2026-02-04 10:59:16 INFO  ExcelUtils - Wrote sheet 'PopularCars' with 20 rows into artifacts\zigwheels_automation_chrome_20260204_105840.xlsx
2026-02-04 10:59:18 INFO  ZigWheelsScenariosTest - Test completed. Navigating back to Home.
2026-02-04 10:59:30 INFO  ExcelUtils - Wrote sheet 'PopularCars' with 20 rows into artifacts\zigwheels_automation_edge_20260204_105840.xlsx
2026-02-04 10:59:31 INFO  ExcelUtils - Wrote sheet 'ElectricScooters_OLA' with 6 rows into artifacts\zigwheels_automation_chrome_20260204_105840.xlsx
2026-02-04 10:59:34 INFO  ZigWheelsScenariosTest - Test completed. Navigating back to Home.
2026-02-04 10:59:34 INFO  ZigWheelsScenariosTest - Test completed. Navigating back to Home.
2026-02-04 10:59:43 INFO  ExcelUtils - Wrote sheet 'ElectricScooters_OLA' with 6 rows into artifacts\zigwheels_automation_edge_20260204_105840.xlsx
2026-02-04 10:59:45 INFO  ExcelUtils - Wrote sheet 'UsedCars_Chennai' with 6 rows into artifacts\zigwheels_automation_chrome_20260204_105840.xlsx
2026-02-04 10:59:45 INFO  ZigWheelsScenariosTest - Test completed. Navigating back to Home.
2026-02-04 10:59:49 INFO  ZigWheelsScenariosTest - Test completed. Navigating back to Home.
2026-02-04 10:59:57 INFO  ExcelUtils - Wrote sheet 'UsedCars_Chennai' with 6 rows into artifacts\zigwheels_automation_edge_20260204_105840.xlsx
2026-02-04 11:00:01 INFO  ZigWheelsScenariosTest - Test completed. Navigating back to Home.
2026-02-04 11:00:01 INFO  ZigWheelsScenariosTest - Test completed. Navigating back to Home.
2026-02-04 11:00:09 INFO  ZigWheelsScenariosTest - Test completed. Navigating back to Home.
2026-02-04 11:00:23 INFO  ExcelUtils - Wrote sheet 'CarComparison' with 22 rows into artifacts\zigwheels_automation_chrome_20260204_105840.xlsx
2026-02-04 11:00:24 INFO  ExcelUtils - Wrote sheet 'CarComparison' with 22 rows into artifacts\zigwheels_automation_edge_20260204_105840.xlsx
2026-02-04 11:00:28 INFO  ZigWheelsScenariosTest - Test completed. Navigating back to Home.
2026-02-04 11:00:31 INFO  ZigWheelsScenariosTest - Test completed. Navigating back to Home.
2026-02-04 11:00:47 INFO  ZigWheelsScenariosTest - Browser session ended.
2026-02-04 11:01:00 INFO  ZigWheelsScenariosTest - Browser session ended.
2026-02-04 11:17:29 INFO  ExcelUtils - Created workbook: artifacts\zigwheels_automation_chrome_20260204_111702.xlsx
2026-02-04 11:17:29 INFO  ZigWheelsScenariosTest - Excel initialized at: artifacts\zigwheels_automation_chrome_20260204_111702.xlsx
2026-02-04 11:17:29 INFO  ExcelUtils - Created workbook: artifacts\zigwheels_automation_edge_20260204_111702.xlsx
2026-02-04 11:17:29 INFO  ZigWheelsScenariosTest - Excel initialized at: artifacts\zigwheels_automation_edge_20260204_111702.xlsx
2026-02-04 11:18:01 INFO  ExcelUtils - Wrote sheet 'PopularCars' with 20 rows into artifacts\zigwheels_automation_chrome_20260204_111702.xlsx
2026-02-04 11:18:04 INFO  ZigWheelsScenariosTest - Test completed. Navigating back to Home.
2026-02-04 11:18:10 INFO  ExcelUtils - Wrote sheet 'PopularCars' with 20 rows into artifacts\zigwheels_automation_edge_20260204_111702.xlsx
2026-02-04 11:18:15 INFO  ZigWheelsScenariosTest - Test completed. Navigating back to Home.
2026-02-04 11:18:28 INFO  ExcelUtils - Wrote sheet 'ElectricScooters_OLA' with 6 rows into artifacts\zigwheels_automation_edge_20260204_111702.xlsx
2026-02-04 11:18:32 INFO  ZigWheelsScenariosTest - Test completed. Navigating back to Home.
2026-02-04 11:18:47 INFO  ExcelUtils - Wrote sheet 'ElectricScooters_OLA' with 6 rows into artifacts\zigwheels_automation_chrome_20260204_111702.xlsx
2026-02-04 11:18:50 INFO  ZigWheelsScenariosTest - Test completed. Navigating back to Home.
2026-02-04 11:18:56 INFO  ExcelUtils - Wrote sheet 'UsedCars_Chennai' with 6 rows into artifacts\zigwheels_automation_edge_20260204_111702.xlsx
2026-02-04 11:19:00 INFO  ZigWheelsScenariosTest - Test completed. Navigating back to Home.
2026-02-04 11:19:08 INFO  ExcelUtils - Wrote sheet 'UsedCars_Chennai' with 6 rows into artifacts\zigwheels_automation_chrome_20260204_111702.xlsx
2026-02-04 11:19:11 INFO  ZigWheelsScenariosTest - Test completed. Navigating back to Home.
2026-02-04 11:19:12 INFO  ZigWheelsScenariosTest - Test completed. Navigating back to Home.
2026-02-04 11:19:22 INFO  ZigWheelsScenariosTest - Test completed. Navigating back to Home.
2026-02-04 11:19:42 INFO  ZigWheelsScenariosTest - Browser session ended.
2026-02-04 11:19:45 INFO  ZigWheelsScenariosTest - Test completed. Navigating back to Home.
2026-02-04 11:19:52 INFO  ZigWheelsScenariosTest - Test completed. Navigating back to Home.
2026-02-04 11:20:02 INFO  ZigWheelsScenariosTest - Browser session ended.
2026-02-04 14:14:51 INFO  ExcelUtils - Created workbook: artifacts\zigwheels_automation_chrome_20260204_141440.xlsx
2026-02-04 14:14:51 INFO  ZigWheelsScenariosTest - Excel initialized at: artifacts\zigwheels_automation_chrome_20260204_141440.xlsx
2026-02-04 14:15:00 INFO  ExcelUtils - Wrote sheet 'PopularCars' with 20 rows into artifacts\zigwheels_automation_chrome_20260204_141440.xlsx
2026-02-04 14:15:02 INFO  ZigWheelsScenariosTest - Test completed. Navigating back to Home.
2026-02-04 14:15:06 INFO  ExcelUtils - Wrote sheet 'ElectricScooters_OLA' with 6 rows into artifacts\zigwheels_automation_chrome_20260204_141440.xlsx
2026-02-04 14:15:07 INFO  ZigWheelsScenariosTest - Test completed. Navigating back to Home.
2026-02-04 14:15:13 INFO  ExcelUtils - Wrote sheet 'UsedCars_Chennai' with 6 rows into artifacts\zigwheels_automation_chrome_20260204_141440.xlsx
2026-02-04 14:15:15 INFO  ZigWheelsScenariosTest - Test completed. Navigating back to Home.
2026-02-04 14:15:23 INFO  ZigWheelsScenariosTest - Test completed. Navigating back to Home.
2026-02-04 14:15:28 INFO  ZigWheelsScenariosTest - Test completed. Navigating back to Home.
2026-02-04 14:15:36 INFO  ZigWheelsScenariosTest - Browser session ended.
2026-02-04 14:25:15 INFO  ExcelUtils - Created workbook: artifacts\zigwheels_automation_chrome_20260204_142508.xlsx
2026-02-04 14:25:15 INFO  ZigWheelsScenariosTest - Excel initialized at: artifacts\zigwheels_automation_chrome_20260204_142508.xlsx
2026-02-04 14:25:24 INFO  ExcelUtils - Wrote sheet 'PopularCars' with 20 rows into artifacts\zigwheels_automation_chrome_20260204_142508.xlsx
2026-02-04 14:25:26 INFO  ZigWheelsScenariosTest - Test completed. Navigating back to Home.
2026-02-04 14:25:30 INFO  ExcelUtils - Wrote sheet 'ElectricScooters_OLA' with 6 rows into artifacts\zigwheels_automation_chrome_20260204_142508.xlsx
2026-02-04 14:25:32 INFO  ZigWheelsScenariosTest - Test completed. Navigating back to Home.
2026-02-04 14:25:40 INFO  ExcelUtils - Wrote sheet 'UsedCars_Chennai' with 6 rows into artifacts\zigwheels_automation_chrome_20260204_142508.xlsx
2026-02-04 14:25:43 INFO  ZigWheelsScenariosTest - Test completed. Navigating back to Home.
2026-02-04 14:25:52 INFO  ZigWheelsScenariosTest - Test completed. Navigating back to Home.
2026-02-04 14:25:59 INFO  ZigWheelsScenariosTest - Test completed. Navigating back to Home.
2026-02-04 14:26:06 INFO  ZigWheelsScenariosTest - Browser session ended.
2026-02-04 14:29:27 INFO  ExcelUtils - Created workbook: artifacts\zigwheels_automation_chrome_20260204_142921.xlsx
2026-02-04 14:29:27 INFO  ZigWheelsScenariosTest - Excel initialized at: artifacts\zigwheels_automation_chrome_20260204_142921.xlsx
2026-02-04 14:29:41 INFO  ZigWheelsScenariosTest - Test completed. Navigating back to Home.
2026-02-04 14:29:47 INFO  ZigWheelsScenariosTest - Browser session ended.
2026-02-04 14:34:59 INFO  ExcelUtils - Created workbook: artifacts\zigwheels_automation_chrome_20260204_143453.xlsx
2026-02-04 14:34:59 INFO  ZigWheelsScenariosTest - Excel initialized at: artifacts\zigwheels_automation_chrome_20260204_143453.xlsx
2026-02-04 14:35:12 INFO  ZigWheelsScenariosTest - Test completed. Navigating back to Home.
2026-02-04 14:35:17 INFO  ZigWheelsScenariosTest - Browser session ended.
2026-02-04 14:37:43 INFO  ExcelUtils - Created workbook: artifacts\zigwheels_automation_chrome_20260204_143737.xlsx
2026-02-04 14:37:43 INFO  ZigWheelsScenariosTest - Excel initialized at: artifacts\zigwheels_automation_chrome_20260204_143737.xlsx
2026-02-04 14:37:52 INFO  ExcelUtils - Wrote sheet 'UsedCars_Chennai' with 6 rows into artifacts\zigwheels_automation_chrome_20260204_143737.xlsx
2026-02-04 14:37:54 INFO  ZigWheelsScenariosTest - Test completed. Navigating back to Home.
2026-02-04 14:37:59 INFO  ZigWheelsScenariosTest - Browser session ended.
2026-02-04 14:42:06 INFO  ExcelUtils - Created workbook: artifacts\zigwheels_automation_chrome_20260204_144159.xlsx
2026-02-04 14:42:06 INFO  ZigWheelsScenariosTest - Excel initialized at: artifacts\zigwheels_automation_chrome_20260204_144159.xlsx
2026-02-04 14:42:16 INFO  ExcelUtils - Wrote sheet 'PopularCars' with 20 rows into artifacts\zigwheels_automation_chrome_20260204_144159.xlsx
2026-02-04 14:42:18 INFO  ZigWheelsScenariosTest - Test completed. Navigating back to Home.
2026-02-04 14:42:21 INFO  ExcelUtils - Wrote sheet 'ElectricScooters_OLA' with 6 rows into artifacts\zigwheels_automation_chrome_20260204_144159.xlsx
2026-02-04 14:42:23 INFO  ZigWheelsScenariosTest - Test completed. Navigating back to Home.
2026-02-04 14:42:29 INFO  ExcelUtils - Wrote sheet 'UsedCars_Chennai' with 6 rows into artifacts\zigwheels_automation_chrome_20260204_144159.xlsx
2026-02-04 14:42:31 INFO  ZigWheelsScenariosTest - Test completed. Navigating back to Home.
2026-02-04 14:42:37 INFO  ZigWheelsScenariosTest - Test completed. Navigating back to Home.
2026-02-04 14:42:45 INFO  ExcelUtils - Wrote sheet 'CarComparison' with 22 rows into artifacts\zigwheels_automation_chrome_20260204_144159.xlsx
2026-02-04 14:42:46 INFO  ZigWheelsScenariosTest - Test completed. Navigating back to Home.
2026-02-04 14:42:53 INFO  ZigWheelsScenariosTest - Browser session ended.
2026-02-04 17:08:58 INFO  ExcelUtils - Created workbook: artifacts\zigwheels_automation_chrome_20260204_170839.xlsx
2026-02-04 17:08:58 INFO  ZigWheelsScenariosTest - Excel initialized at: artifacts\zigwheels_automation_chrome_20260204_170839.xlsx
2026-02-04 17:09:20 INFO  ExcelUtils - Wrote sheet 'PopularCars' with 20 rows into artifacts\zigwheels_automation_chrome_20260204_170839.xlsx
2026-02-04 17:09:23 INFO  ZigWheelsScenariosTest - Test completed. Navigating back to Home.
2026-02-04 17:09:31 INFO  ExcelUtils - Wrote sheet 'ElectricScooters_OLA' with 6 rows into artifacts\zigwheels_automation_chrome_20260204_170839.xlsx
2026-02-04 17:09:35 INFO  ZigWheelsScenariosTest - Test completed. Navigating back to Home.
2026-02-04 17:09:47 INFO  ExcelUtils - Wrote sheet 'UsedCars_Chennai' with 6 rows into artifacts\zigwheels_automation_chrome_20260204_170839.xlsx
2026-02-04 17:09:52 INFO  ZigWheelsScenariosTest - Test completed. Navigating back to Home.
2026-02-04 17:10:06 INFO  ZigWheelsScenariosTest - Test completed. Navigating back to Home.
2026-02-04 17:10:19 INFO  ExcelUtils - Wrote sheet 'CarComparison' with 22 rows into artifacts\zigwheels_automation_chrome_20260204_170839.xlsx
2026-02-04 17:10:24 INFO  ZigWheelsScenariosTest - Test completed. Navigating back to Home.
2026-02-04 17:10:36 INFO  ZigWheelsScenariosTest - Browser session ended.
2026-02-04 17:39:14 INFO  ExcelUtils - Created workbook: artifacts\zigwheels_automation_chrome_20260204_173901.xlsx
2026-02-04 17:39:14 INFO  ZigWheelsScenariosTest - Excel initialized at: artifacts\zigwheels_automation_chrome_20260204_173901.xlsx
2026-02-04 17:39:33 INFO  ExcelUtils - Wrote sheet 'PopularCars' with 20 rows into artifacts\zigwheels_automation_chrome_20260204_173901.xlsx
2026-02-04 17:39:35 INFO  ZigWheelsScenariosTest - Test completed. Navigating back to Home.
2026-02-04 17:39:39 INFO  ZigWheelsScenariosTest - Test completed. Navigating back to Home.
2026-02-04 17:39:48 INFO  ExcelUtils - Wrote sheet 'UsedCars_Chennai' with 6 rows into artifacts\zigwheels_automation_chrome_20260204_173901.xlsx
2026-02-04 17:39:52 INFO  ZigWheelsScenariosTest - Test completed. Navigating back to Home.
2026-02-04 17:39:56 INFO  ZigWheelsScenariosTest - Test completed. Navigating back to Home.
2026-02-04 17:40:05 INFO  ExcelUtils - Wrote sheet 'CarComparison' with 22 rows into artifacts\zigwheels_automation_chrome_20260204_173901.xlsx
2026-02-04 17:40:07 INFO  ZigWheelsScenariosTest - Test completed. Navigating back to Home.
2026-02-04 17:40:15 INFO  ZigWheelsScenariosTest - Browser session ended.
2026-02-04 17:54:27 INFO  ExcelUtils - Created workbook: artifacts\zigwheels_automation_chrome_20260204_175405.xlsx
2026-02-04 17:54:27 INFO  ZigWheelsScenariosTest - Excel initialized at: artifacts\zigwheels_automation_chrome_20260204_175405.xlsx
2026-02-04 17:54:49 INFO  ExcelUtils - Wrote sheet 'PopularCars' with 20 rows into artifacts\zigwheels_automation_chrome_20260204_175405.xlsx
2026-02-04 17:54:54 INFO  ZigWheelsScenariosTest - Test completed. Navigating back to Home.
2026-02-04 17:55:02 INFO  ExcelUtils - Wrote sheet 'ElectricScooters_OLA' with 6 rows into artifacts\zigwheels_automation_chrome_20260204_175405.xlsx
2026-02-04 17:55:06 INFO  ZigWheelsScenariosTest - Test completed. Navigating back to Home.
2026-02-04 17:55:17 INFO  ExcelUtils - Wrote sheet 'UsedCars_Chennai' with 6 rows into artifacts\zigwheels_automation_chrome_20260204_175405.xlsx
2026-02-04 17:55:23 INFO  ZigWheelsScenariosTest - Test completed. Navigating back to Home.
2026-02-04 17:55:37 INFO  ZigWheelsScenariosTest - Test completed. Navigating back to Home.
2026-02-04 17:55:50 INFO  ExcelUtils - Wrote sheet 'CarComparison' with 22 rows into artifacts\zigwheels_automation_chrome_20260204_175405.xlsx
2026-02-04 17:55:53 INFO  ZigWheelsScenariosTest - Test completed. Navigating back to Home.
2026-02-04 17:56:03 INFO  ZigWheelsScenariosTest - Browser session ended.
2026-02-04 17:58:23 INFO  ExcelUtils - Created workbook: artifacts\zigwheels_automation_chrome_20260204_175812.xlsx
2026-02-04 17:58:23 INFO  ZigWheelsScenariosTest - Excel initialized at: artifacts\zigwheels_automation_chrome_20260204_175812.xlsx
2026-02-04 17:58:39 INFO  ExcelUtils - Wrote sheet 'PopularCars' with 20 rows into artifacts\zigwheels_automation_chrome_20260204_175812.xlsx
2026-02-04 17:58:41 INFO  ZigWheelsScenariosTest - Test completed. Navigating back to Home.
2026-02-04 17:58:46 INFO  ExcelUtils - Wrote sheet 'ElectricScooters_OLA' with 6 rows into artifacts\zigwheels_automation_chrome_20260204_175812.xlsx
2026-02-04 17:58:48 INFO  ZigWheelsScenariosTest - Test completed. Navigating back to Home.
2026-02-04 17:58:55 INFO  ExcelUtils - Wrote sheet 'UsedCars_Chennai' with 6 rows into artifacts\zigwheels_automation_chrome_20260204_175812.xlsx
2026-02-04 17:58:59 INFO  ZigWheelsScenariosTest - Test completed. Navigating back to Home.
2026-02-04 17:59:03 INFO  ZigWheelsScenariosTest - Test completed. Navigating back to Home.
2026-02-04 17:59:11 INFO  ExcelUtils - Wrote sheet 'CarComparison' with 22 rows into artifacts\zigwheels_automation_chrome_20260204_175812.xlsx
2026-02-04 17:59:13 INFO  ZigWheelsScenariosTest - Test completed. Navigating back to Home.
2026-02-04 17:59:22 INFO  ZigWheelsScenariosTest - Browser session ended.
2026-02-04 18:02:38 INFO  ExcelUtils - Created workbook: artifacts\zigwheels_automation_chrome_20260204_180219.xlsx
2026-02-04 18:02:38 INFO  ZigWheelsScenariosTest - Excel initialized at: artifacts\zigwheels_automation_chrome_20260204_180219.xlsx
2026-02-04 18:02:58 INFO  ExcelUtils - Wrote sheet 'PopularCars' with 20 rows into artifacts\zigwheels_automation_chrome_20260204_180219.xlsx
2026-02-04 18:03:03 INFO  ZigWheelsScenariosTest - Test completed. Navigating back to Home.
2026-02-04 18:03:11 INFO  ExcelUtils - Wrote sheet 'ElectricScooters_OLA' with 6 rows into artifacts\zigwheels_automation_chrome_20260204_180219.xlsx
2026-02-04 18:03:15 INFO  ZigWheelsScenariosTest - Test completed. Navigating back to Home.
2026-02-04 18:03:26 INFO  ExcelUtils - Wrote sheet 'UsedCars_Chennai' with 6 rows into artifacts\zigwheels_automation_chrome_20260204_180219.xlsx
2026-02-04 18:03:35 INFO  ZigWheelsScenariosTest - Test completed. Navigating back to Home.
2026-02-04 18:03:48 INFO  ZigWheelsScenariosTest - Test completed. Navigating back to Home.
2026-02-04 18:04:00 INFO  ExcelUtils - Wrote sheet 'CarComparison' with 22 rows into artifacts\zigwheels_automation_chrome_20260204_180219.xlsx
2026-02-04 18:04:04 INFO  ZigWheelsScenariosTest - Test completed. Navigating back to Home.
2026-02-04 18:04:14 INFO  ZigWheelsScenariosTest - Browser session ended.
2026-02-04 18:17:36 INFO  ExcelUtils - Created workbook: artifacts\zigwheels_automation_chrome_20260204_181711.xlsx
2026-02-04 18:17:36 INFO  ZigWheelsScenariosTest - Excel initialized at: artifacts\zigwheels_automation_chrome_20260204_181711.xlsx
2026-02-04 18:18:00 INFO  ExcelUtils - Wrote sheet 'PopularCars' with 20 rows into artifacts\zigwheels_automation_chrome_20260204_181711.xlsx
2026-02-04 18:18:04 INFO  ZigWheelsScenariosTest - Test completed. Navigating back to Home.
2026-02-04 18:18:12 INFO  ExcelUtils - Wrote sheet 'ElectricScooters_OLA' with 6 rows into artifacts\zigwheels_automation_chrome_20260204_181711.xlsx
2026-02-04 18:18:14 INFO  ZigWheelsScenariosTest - Test completed. Navigating back to Home.
2026-02-04 18:18:23 INFO  ExcelUtils - Wrote sheet 'UsedCars_Chennai' with 6 rows into artifacts\zigwheels_automation_chrome_20260204_181711.xlsx
2026-02-04 18:18:27 INFO  ZigWheelsScenariosTest - Test completed. Navigating back to Home.
2026-02-04 18:18:38 INFO  ZigWheelsScenariosTest - Test completed. Navigating back to Home.
2026-02-04 18:18:48 INFO  ExcelUtils - Wrote sheet 'CarComparison' with 22 rows into artifacts\zigwheels_automation_chrome_20260204_181711.xlsx
2026-02-04 18:18:50 INFO  ZigWheelsScenariosTest - Test completed. Navigating back to Home.
2026-02-04 18:19:00 INFO  ZigWheelsScenariosTest - Browser session ended.
